<?xml version="1.0" encoding="UTF-8"?>
<!-- Generated by org.testng.reporters.JUnitXMLReporter -->
<testsuite ignored="14" hostname="LAPTOP-76JOHB1V" failures="0" tests="1" name="Default test" time="12.299" errors="0" timestamp="2025-09-19T01:34:38 AST">
  <testcase classname="booking_tests.Booking_HomepageTest" name="addToWishlist" time="6.349"/>
  <testcase classname="booking_tests.Booking_HomepageTest" name="applyStarRatingFilter" time="0.0">
    <ignored/>
  </testcase> <!-- applyStarRatingFilter -->
  <testcase classname="booking_tests.Booking_HomepageTest" name="fillPaymentFormDummy" time="0.0">
    <ignored/>
  </testcase> <!-- fillPaymentFormDummy -->
  <testcase classname="booking_tests.Booking_HomepageTest" name="userLogin" time="0.0">
    <ignored/>
  </testcase> <!-- userLogin -->
  <testcase classname="booking_tests.Booking_HomepageTest" name="mobileResponsiveness" time="0.0">
    <ignored/>
  </testcase> <!-- mobileResponsiveness -->
  <testcase classname="booking_tests.Booking_HomepageTest" name="bookingProcess" time="0.0">
    <ignored/>
  </testcase> <!-- bookingProcess -->
  <testcase classname="booking_tests.Booking_HomepageTest" name="completeGuestDetailsForm" time="0.0">
    <ignored/>
  </testcase> <!-- completeGuestDetailsForm -->
  <testcase classname="booking_tests.Booking_HomepageTest" name="changeLanguage" time="0.0">
    <ignored/>
  </testcase> <!-- changeLanguage -->
  <testcase classname="booking_tests.Booking_HomepageTest" name="searchAccommodation" time="0.0">
    <ignored/>
  </testcase> <!-- searchAccommodation -->
  <testcase classname="booking_tests.Booking_HomepageTest" name="homepageLoadsSuccessfully" time="0.0">
    <ignored/>
  </testcase> <!-- homepageLoadsSuccessfully -->
  <testcase classname="booking_tests.Booking_HomepageTest" name="customerSupportAccess" time="0.0">
    <ignored/>
  </testcase> <!-- customerSupportAccess -->
  <testcase classname="booking_tests.Booking_HomepageTest" name="openAccommodationDetailPage" time="0.0">
    <ignored/>
  </testcase> <!-- openAccommodationDetailPage -->
  <testcase classname="booking_tests.Booking_HomepageTest" name="changeCurrency" time="0.0">
    <ignored/>
  </testcase> <!-- changeCurrency -->
  <testcase classname="booking_tests.Booking_HomepageTest" name="offersSectionDisplay" time="0.0">
    <ignored/>
  </testcase> <!-- offersSectionDisplay -->
  <testcase classname="booking_tests.Booking_HomepageTest" name="sortByLowestPrice" time="0.0">
    <ignored/>
  </testcase> <!-- sortByLowestPrice -->
</testsuite> <!-- Default test -->
