<?xml version="1.0" encoding="UTF-8"?>
<testng-results ignored="14" total="15" passed="1" failed="0" skipped="0">
  <reporter-output>
  </reporter-output>
  <suite started-at="2025-09-19T01:34:26 AST" name="Default suite" finished-at="2025-09-19T01:34:38 AST" duration-ms="12299">
    <groups>
    </groups>
    <test started-at="2025-09-19T01:34:26 AST" name="Default test" finished-at="2025-09-19T01:34:38 AST" duration-ms="12299">
      <class name="booking_tests.Booking_HomepageTest">
        <test-method is-config="true" signature="setup()[pri:0, instance:booking_tests.Booking_HomepageTest@1e800aaa]" started-at="2025-09-19T01:34:26 AST" name="setup" finished-at="2025-09-19T01:34:32 AST" duration-ms="5909" status="PASS">
          <reporter-output>
          </reporter-output>
        </test-method> <!-- setup -->
        <test-method signature="addToWishlist()[pri:15, instance:booking_tests.Booking_HomepageTest@1e800aaa]" started-at="2025-09-19T01:34:32 AST" name="addToWishlist" finished-at="2025-09-19T01:34:38 AST" duration-ms="6349" status="PASS">
          <reporter-output>
          </reporter-output>
        </test-method> <!-- addToWishlist -->
      </class> <!-- booking_tests.Booking_HomepageTest -->
    </test> <!-- Default test -->
  </suite> <!-- Default suite -->
</testng-results>
